<?xml version="1.0" encoding="UTF-8"?>
<!-- Generated by org.testng.reporters.JUnitXMLReporter -->
<testsuite ignored="2" hostname="DESKTOP-CKQHCAE" failures="0" tests="2" name="groupingtests" time="0.046" errors="0" timestamp="2024-10-28T20:45:36 IST">
  <testcase classname="kohlarTestNG.Grouping" name="found" time="0.007"/>
  <testcase classname="kohlarTestNG.Grouping" name="search" time="0.002"/>
  <testcase classname="kohlarTestNG.Grouping" name="verify" time="0.0">
    <ignored/>
  </testcase> <!-- verify -->
  <testcase classname="kohlarTestNG.Grouping" name="Login" time="0.0">
    <ignored/>
  </testcase> <!-- Login -->
</testsuite> <!-- groupingtests -->
