<?xml version="1.0" encoding="UTF-8"?>
<!-- Generated by org.testng.reporters.JUnitXMLReporter -->
<testsuite ignored="2" hostname="DESKTOP-CKQHCAE" failures="0" tests="1" name="Test" time="0.134" errors="0" timestamp="2024-11-19T10:18:05 IST">
  <testcase classname="seleniumCompany.Annotations" name="login" time="0.019"/>
  <testcase classname="seleniumCompany.Annotations" name="verifytitle" time="0.0">
    <ignored/>
  </testcase> <!-- verifytitle -->
  <testcase classname="seleniumCompany.Demodataprovider" name="login" time="0.0">
    <ignored/>
  </testcase> <!-- login -->
</testsuite> <!-- Test -->
