<?xml version="1.0" encoding="UTF-8"?>
<testng-results ignored="0" total="1" passed="1" failed="0" skipped="0">
  <reporter-output>
  </reporter-output>
  <suite started-at="2024-12-03T18:59:24 IST" name="Default suite" finished-at="2024-12-03T18:59:31 IST" duration-ms="7507">
    <groups>
    </groups>
    <test started-at="2024-12-03T18:59:24 IST" name="Default test" finished-at="2024-12-03T18:59:31 IST" duration-ms="7507">
      <class name="pppppom.LoginWithPOM">
        <test-method is-config="true" signature="setup()[pri:0, instance:pppppom.LoginWithPOM@57af006c]" started-at="2024-12-03T18:59:24 IST" name="setup" finished-at="2024-12-03T18:59:30 IST" duration-ms="5691" status="PASS">
          <reporter-output>
          </reporter-output>
        </test-method> <!-- setup -->
        <test-method signature="login()[pri:0, instance:pppppom.LoginWithPOM@57af006c]" started-at="2024-12-03T18:59:30 IST" name="login" finished-at="2024-12-03T18:59:31 IST" duration-ms="1778" status="PASS">
          <reporter-output>
          </reporter-output>
        </test-method> <!-- login -->
      </class> <!-- pppppom.LoginWithPOM -->
    </test> <!-- Default test -->
  </suite> <!-- Default suite -->
</testng-results>
